0 info it worked if it ends with ok
1 verbose cli [ '/usr/local/bin/node',
1 verbose cli   '/usr/local/bin/npm',
1 verbose cli   'publish',
1 verbose cli   '--access',
1 verbose cli   'public' ]
2 info using npm@4.1.2
3 info using node@v7.7.3
4 verbose publish [ '.' ]
5 silly cache add args [ '.', null ]
6 verbose cache add spec .
7 silly cache add parsed spec Result {
7 silly cache add   raw: '.',
7 silly cache add   scope: null,
7 silly cache add   escapedName: null,
7 silly cache add   name: null,
7 silly cache add   rawSpec: '.',
7 silly cache add   spec: '/Users/strapazzon/sb/ckeditor5-build-classic',
7 silly cache add   type: 'directory' }
8 verbose addLocalDirectory /Users/strapazzon/.npm/@socialbase/sb-ckeditor5-build-classic/10.0.1/package.tgz not in flight; packing
9 verbose correctMkdir /Users/strapazzon/.npm correctMkdir not in flight; initializing
10 info lifecycle @socialbase/sb-ckeditor5-build-classic@10.0.1~prepublish: @socialbase/sb-ckeditor5-build-classic@10.0.1
11 silly lifecycle @socialbase/sb-ckeditor5-build-classic@10.0.1~prepublish: no script for prepublish, continuing
12 info lifecycle @socialbase/sb-ckeditor5-build-classic@10.0.1~prepare: @socialbase/sb-ckeditor5-build-classic@10.0.1
13 silly lifecycle @socialbase/sb-ckeditor5-build-classic@10.0.1~prepare: no script for prepare, continuing
14 verbose tar pack [ '/Users/strapazzon/.npm/@socialbase/sb-ckeditor5-build-classic/10.0.1/package.tgz',
14 verbose tar pack   '/Users/strapazzon/sb/ckeditor5-build-classic' ]
15 verbose tarball /Users/strapazzon/.npm/@socialbase/sb-ckeditor5-build-classic/10.0.1/package.tgz
16 verbose folder /Users/strapazzon/sb/ckeditor5-build-classic
17 verbose addLocalTarball adding from inside cache /Users/strapazzon/.npm/@socialbase/sb-ckeditor5-build-classic/10.0.1/package.tgz
18 verbose correctMkdir /Users/strapazzon/.npm correctMkdir not in flight; initializing
19 silly cache afterAdd @socialbase/sb-ckeditor5-build-classic@10.0.1
20 verbose afterAdd /Users/strapazzon/.npm/@socialbase/sb-ckeditor5-build-classic/10.0.1/package/package.json not in flight; writing
21 verbose correctMkdir /Users/strapazzon/.npm correctMkdir not in flight; initializing
22 verbose afterAdd /Users/strapazzon/.npm/@socialbase/sb-ckeditor5-build-classic/10.0.1/package/package.json written
23 silly publish { name: '@socialbase/sb-ckeditor5-build-classic',
23 silly publish   version: '10.0.1',
23 silly publish   description: 'Socialbase CKEditor 5 classic editor build.',
23 silly publish   keywords: [ 'socialbase' ],
23 silly publish   main: './build/ckeditor.js',
23 silly publish   files: [ 'build' ],
23 silly publish   devDependencies:
23 silly publish    { '@ckeditor/ckeditor5-adapter-ckfinder': '^10.0.0',
23 silly publish      '@ckeditor/ckeditor5-alignment': '^10.0.0',
23 silly publish      '@ckeditor/ckeditor5-autoformat': '^10.0.0',
23 silly publish      '@ckeditor/ckeditor5-basic-styles': '^10.0.0',
23 silly publish      '@ckeditor/ckeditor5-block-quote': '^10.0.0',
23 silly publish      '@ckeditor/ckeditor5-dev-utils': '^9.0.0',
23 silly publish      '@ckeditor/ckeditor5-dev-webpack-plugin': '^5.0.0',
23 silly publish      '@ckeditor/ckeditor5-easy-image': '^10.0.0',
23 silly publish      '@ckeditor/ckeditor5-editor-classic': '^10.0.0',
23 silly publish      '@ckeditor/ckeditor5-essentials': '^10.0.0',
23 silly publish      '@ckeditor/ckeditor5-heading': '^10.0.0',
23 silly publish      '@ckeditor/ckeditor5-image': '^10.0.0',
23 silly publish      '@ckeditor/ckeditor5-link': '^10.0.1',
23 silly publish      '@ckeditor/ckeditor5-list': '^10.0.0',
23 silly publish      '@ckeditor/ckeditor5-paragraph': '^10.0.0',
23 silly publish      '@ckeditor/ckeditor5-theme-lark': '^10.0.0',
23 silly publish      '@ckeditor/ckeditor5-upload': '^10.0.0',
23 silly publish      'babel-minify-webpack-plugin': '^0.3.0',
23 silly publish      'postcss-loader': '^2.0.10',
23 silly publish      'raw-loader': '^0.5.1',
23 silly publish      'style-loader': '^0.20.3',
23 silly publish      webpack: '^3.11.0',
23 silly publish      'webpack-sources': '1.0.1' },
23 silly publish   engines: { node: '>=6.0.0', npm: '>=3.0.0' },
23 silly publish   author: { name: 'CKSource', url: 'http://cksource.com/' },
23 silly publish   license: 'GPL-2.0-or-later',
23 silly publish   homepage: 'https://ckeditor.com',
23 silly publish   repository:
23 silly publish    { type: 'git',
23 silly publish      url: 'git+https://github.com/socialbase/ckeditor5-build-classic.git' },
23 silly publish   scripts:
23 silly publish    { build: 'npm run create-entry-file && npm run build-ckeditor',
23 silly publish      'create-entry-file': 'node bin/create-entry-file.js',
23 silly publish      'build-ckeditor': 'sh bin/build-ckeditor.sh',
23 silly publish      preversion: 'npm run build; if [ -n "$(git status src/ckeditor.js build/ --porcelain)" ]; then git add -u src/ckeditor.js build/ && git commit -m \'Internal: Build.\'; fi' },
23 silly publish   dependencies:
23 silly publish    { '@ckeditor/ckeditor5-basic-styles': '^10.0.0',
23 silly publish      '@ckeditor/ckeditor5-clipboard': '^10.0.0',
23 silly publish      '@ckeditor/ckeditor5-collaboration': '^10.0.0',
23 silly publish      '@ckeditor/ckeditor5-dev-utils': '^9.0.0',
23 silly publish      '@ckeditor/ckeditor5-easy-image': '^10.0.0',
23 silly publish      '@ckeditor/ckeditor5-editor-classic': '^10.0.0',
23 silly publish      '@ckeditor/ckeditor5-enter': '^10.0.0',
23 silly publish      '@ckeditor/ckeditor5-essentials': '^10.0.0',
23 silly publish      '@ckeditor/ckeditor5-font': '^10.0.0',
23 silly publish      '@ckeditor/ckeditor5-highlight': '^10.0.0',
23 silly publish      '@ckeditor/ckeditor5-paragraph': '^10.0.0',
23 silly publish      '@ckeditor/ckeditor5-theme-lark': '^10.0.0' },
23 silly publish   readme: 'CKEditor 5 classic editor build\n========================================\n\n[![Join the chat at https://gitter.im/ckeditor/ckeditor5](https://badges.gitter.im/ckeditor/ckeditor5.svg)](https://gitter.im/ckeditor/ckeditor5?utm_source=badge&utm_medium=badge&utm_campaign=pr-badge&utm_content=badge)\n[![npm version](https://badge.fury.io/js/%40ckeditor%2Fckeditor5-build-classic.svg)](https://www.npmjs.com/package/@ckeditor/ckeditor5-build-classic)\n[![Dependency Status](https://david-dm.org/ckeditor/ckeditor5-build-classic/status.svg)](https://david-dm.org/ckeditor/ckeditor5-build-classic)\n[![devDependency Status](https://david-dm.org/ckeditor/ckeditor5-build-classic/dev-status.svg)](https://david-dm.org/ckeditor/ckeditor5-build-classic?type=dev)\n\nThe classic editor build for CKEditor 5. Read more about the [classic editor build](https://docs.ckeditor.com/ckeditor5/latest/builds/guides/overview.html#classic-editor) and see the [demo](https://docs.ckeditor.com/ckeditor5/latest/examples/builds/classic-editor.html).\n\n## Documentation\n\nSee:\n\n* [Installation](https://docs.ckeditor.com/ckeditor5/latest/builds/guides/integration/installation.html) for how to install this package and what it contains.\n* [Basic API](https://docs.ckeditor.com/ckeditor5/latest/builds/guides/integration/basic-api.html) for how to create an editor and interact with it.\n* [Configuration](https://docs.ckeditor.com/ckeditor5/latest/builds/guides/integration/configuration.html) for how to configure the editor.\n* [Creating custom builds](https://docs.ckeditor.com/ckeditor5/latest/builds/guides/development/custom-builds.html) for how to customize the build (configure and rebuild the editor bundle).\n\n## Quick start\n\nFirst, install the build from npm:\n\n```bash\nnpm install --save @ckeditor/ckeditor5-build-classic\n```\n\nAnd use it in your website:\n\n```html\n<div id="editor">\n\t<p>This is the editor content.</p>\n</div>\n<script src="./node_modules/@ckeditor/ckeditor5-build-classic/build/ckeditor.js"></script>\n<script>\n\tClassicEditor\n\t\t.create( document.querySelector( \'#editor\' ) )\n\t\t.then( editor => {\n\t\t\twindow.editor = editor;\n\t\t} )\n\t\t.catch( err => {\n\t\t\tconsole.error( err.stack );\n\t\t} );\n</script>\n```\n\nOr in your JavaScript application:\n\n```js\nimport ClassicEditor from \'@ckeditor/ckeditor5-build-classic\';\n\n// Or using the CommonJS version:\n// const ClassicEditor = require( \'@ckeditor/ckeditor5-build-classic\' );\n\nClassicEditor\n\t.create( document.querySelector( \'#editor\' ) )\n\t.then( editor => {\n\t\twindow.editor = editor;\n\t} )\n\t.catch( err => {\n\t\tconsole.error( err.stack );\n\t} );\n```\n\n**Note:** If you are planning to integrate CKEditor 5 deep into your application, it is actually more convenient and recommended to install and import the source modules directly (like it happens in `ckeditor.js`). Read more in the [Advanced setup guide](https://docs.ckeditor.com/ckeditor5/latest/builds/guides/integration/advanced-setup.html).\n\n## License\n\nLicensed under the terms of [GNU General Public License Version 2 or later](http://www.gnu.org/licenses/gpl.html). For full details about the license, please check the `LICENSE.md` file.\n',
23 silly publish   readmeFilename: 'README.md',
23 silly publish   gitHead: '4230d2edf26867b15b1d4b2a0a88828284998176',
23 silly publish   bugs: { url: 'https://github.com/socialbase/ckeditor5-build-classic/issues' },
23 silly publish   _id: '@socialbase/sb-ckeditor5-build-classic@10.0.1',
23 silly publish   _shasum: '8cf2a6159cdc650df941bbf6db91a3cb8b906f51',
23 silly publish   _from: '.' }
24 info lifecycle @socialbase/sb-ckeditor5-build-classic@10.0.1~prepublishOnly: @socialbase/sb-ckeditor5-build-classic@10.0.1
25 silly lifecycle @socialbase/sb-ckeditor5-build-classic@10.0.1~prepublishOnly: no script for prepublishOnly, continuing
26 verbose getPublishConfig undefined
27 silly mapToRegistry name @socialbase/sb-ckeditor5-build-classic
28 silly mapToRegistry scope (from package name) @socialbase
29 silly mapToRegistry registry https://registry.npmjs.org/
30 silly mapToRegistry data Result {
30 silly mapToRegistry   raw: '@socialbase/sb-ckeditor5-build-classic',
30 silly mapToRegistry   scope: '@socialbase',
30 silly mapToRegistry   escapedName: '@socialbase%2fsb-ckeditor5-build-classic',
30 silly mapToRegistry   name: '@socialbase/sb-ckeditor5-build-classic',
30 silly mapToRegistry   rawSpec: '',
30 silly mapToRegistry   spec: 'latest',
30 silly mapToRegistry   type: 'tag' }
31 silly mapToRegistry uri https://registry.npmjs.org/@socialbase%2fsb-ckeditor5-build-classic
32 verbose publish registryBase https://registry.npmjs.org/
33 silly publish uploading /Users/strapazzon/.npm/@socialbase/sb-ckeditor5-build-classic/10.0.1/package.tgz
34 verbose request uri https://registry.npmjs.org/@socialbase%2fsb-ckeditor5-build-classic
35 verbose request sending authorization for write operation
36 info attempt registry request try #1 at 13:16:13
37 verbose request using bearer token for auth
38 verbose request id 719cada129b18241
39 http request PUT https://registry.npmjs.org/@socialbase%2fsb-ckeditor5-build-classic
40 http 403 https://registry.npmjs.org/@socialbase%2fsb-ckeditor5-build-classic
41 verbose headers { date: 'Thu, 14 Jun 2018 16:16:16 GMT',
41 verbose headers   'content-type': 'application/json',
41 verbose headers   'transfer-encoding': 'chunked',
41 verbose headers   connection: 'keep-alive',
41 verbose headers   'set-cookie': [ '__cfduid=db800834ee163affd4786d4da739a6e3b1528992974; expires=Fri, 14-Jun-19 16:16:14 GMT; path=/; domain=.registry.npmjs.org; HttpOnly' ],
41 verbose headers   'cf-ray': '42ae19a429494b63-GRU',
41 verbose headers   'expect-ct': 'max-age=604800, report-uri="https://report-uri.cloudflare.com/cdn-cgi/beacon/expect-ct"',
41 verbose headers   server: 'cloudflare',
41 verbose headers   'content-encoding': 'gzip' }
42 verbose request invalidating /Users/strapazzon/.npm/registry.npmjs.org/_40socialbase_252fsb-ckeditor5-build-classic on PUT
43 error publish Failed PUT 403
44 verbose stack Error: You cannot publish over the previously published versions: 10.0.1. : @socialbase/sb-ckeditor5-build-classic
44 verbose stack     at makeError (/usr/local/lib/node_modules/npm/node_modules/npm-registry-client/lib/request.js:304:12)
44 verbose stack     at CachingRegistryClient.<anonymous> (/usr/local/lib/node_modules/npm/node_modules/npm-registry-client/lib/request.js:292:14)
44 verbose stack     at /usr/local/lib/node_modules/npm/node_modules/npm-registry-client/lib/request.js:218:7
44 verbose stack     at Gunzip.onEnd (zlib.js:213:5)
44 verbose stack     at emitNone (events.js:91:20)
44 verbose stack     at Gunzip.emit (events.js:188:7)
44 verbose stack     at endReadableNT (_stream_readable.js:974:12)
44 verbose stack     at _combinedTickCallback (internal/process/next_tick.js:80:11)
44 verbose stack     at process._tickCallback (internal/process/next_tick.js:104:9)
45 verbose statusCode 403
46 verbose pkgid @socialbase/sb-ckeditor5-build-classic
47 verbose cwd /Users/strapazzon/sb/ckeditor5-build-classic
48 error Darwin 17.6.0
49 error argv "/usr/local/bin/node" "/usr/local/bin/npm" "publish" "--access" "public"
50 error node v7.7.3
51 error npm  v4.1.2
52 error code E403
53 error You cannot publish over the previously published versions: 10.0.1. : @socialbase/sb-ckeditor5-build-classic
54 error If you need help, you may report this error at:
54 error     <https://github.com/npm/npm/issues>
55 verbose exit [ 1, true ]
